GymApp-master/Aula20/app/build/intermediates/manifest_merge_blame_file/debug/manifest-merger-blame-debug-report.txt
1<?xml version="1.0" encoding="utf-8"?>
2<manifest xmlns:android="http://schemas.android.com/apk/res/android"
3    package="com.example.aula20"
4    android:versionCode="1"
5    android:versionName="1.0" >
6
7    <uses-sdk
8        android:minSdkVersion="25"
8-->src\main\AndroidManifest.xml
9        android:targetSdkVersion="33" />
9-->src\main\AndroidManifest.xml
10
11    <permission
11-->[androidx.core:core:1.9.0] AndroidManifest.xml:22:5-24:47
12        android:name="com.example.aula20.DYNAMIC_RECEIVER_NOT_EXPORTED_PERMISSION"
12-->[androidx.core:core:1.9.0] AndroidManifest.xml:23:9-81
13        android:protectionLevel="signature" />
13-->[androidx.core:core:1.9.0] AndroidManifest.xml:24:9-44
14
15    <uses-permission android:name="com.example.aula20.DYNAMIC_RECEIVER_NOT_EXPORTED_PERMISSION" />
15-->[androidx.core:core:1.9.0] AndroidManifest.xml:26:5-97
15-->[androidx.core:core:1.9.0] AndroidManifest.xml:26:22-94
16
17    <application
17-->src\main\AndroidManifest.xml:5:5-47:19
18        android:allowBackup="true"
18-->src\main\AndroidManifest.xml:6:9-35
19        android:appComponentFactory="androidx.core.app.CoreComponentFactory"
19-->[androidx.core:core:1.9.0] AndroidManifest.xml:28:18-86
20        android:dataExtractionRules="@xml/data_extraction_rules"
20-->src\main\AndroidManifest.xml:7:9-65
21        android:debuggable="true"
22        android:extractNativeLibs="false"
23        android:fullBackupContent="@xml/backup_rules"
23-->src\main\AndroidManifest.xml:8:9-54
24        android:icon="@drawable/logoantifrango"
24-->src\main\AndroidManifest.xml:9:9-48
25        android:label="AntiFrango"
25-->src\main\AndroidManifest.xml:10:9-35
26        android:supportsRtl="true"
26-->src\main\AndroidManifest.xml:11:9-35
27        android:testOnly="true"
28        android:theme="@style/Theme.Aula20" >
28-->src\main\AndroidManifest.xml:12:9-44
29        <activity
29-->src\main\AndroidManifest.xml:14:9-16:40
30            android:name="com.example.aula20.view.ListagemProfessorActivity"
30-->src\main\AndroidManifest.xml:15:13-59
31            android:exported="false" />
31-->src\main\AndroidManifest.xml:16:13-37
32        <activity
32-->src\main\AndroidManifest.xml:17:9-19:40
33            android:name="com.example.aula20.view.UsuarioActivity"
33-->src\main\AndroidManifest.xml:18:13-49
34            android:exported="false" />
34-->src\main\AndroidManifest.xml:19:13-37
35        <activity
35-->src\main\AndroidManifest.xml:20:9-22:40
36            android:name="com.example.aula20.view.LoginUsuarioActivity"
36-->src\main\AndroidManifest.xml:21:13-54
37            android:exported="false" />
37-->src\main\AndroidManifest.xml:22:13-37
38        <activity
38-->src\main\AndroidManifest.xml:23:9-25:40
39            android:name="com.example.aula20.view.ProfessorLoginActivity"
39-->src\main\AndroidManifest.xml:24:13-56
40            android:exported="false" />
40-->src\main\AndroidManifest.xml:25:13-37
41        <activity
41-->src\main\AndroidManifest.xml:26:9-28:40
42            android:name="com.example.aula20.view.ExerciciosActivity"
42-->src\main\AndroidManifest.xml:27:13-52
43            android:exported="false" />
43-->src\main\AndroidManifest.xml:28:13-37
44        <activity
44-->src\main\AndroidManifest.xml:29:9-31:40
45            android:name="com.example.aula20.view.CadastroUsuarioActivity"
45-->src\main\AndroidManifest.xml:30:13-57
46            android:exported="false" />
46-->src\main\AndroidManifest.xml:31:13-37
47        <activity
47-->src\main\AndroidManifest.xml:32:9-34:40
48            android:name="com.example.aula20.view.LoginActivity"
48-->src\main\AndroidManifest.xml:33:13-47
49            android:exported="false" />
49-->src\main\AndroidManifest.xml:34:13-37
50        <activity
50-->src\main\AndroidManifest.xml:35:9-37:40
51            android:name="com.example.aula20.view.CadastroProfessorActivity"
51-->src\main\AndroidManifest.xml:36:13-59
52            android:exported="false" />
52-->src\main\AndroidManifest.xml:37:13-37
53        <activity
53-->src\main\AndroidManifest.xml:38:9-46:20
54            android:name="com.example.aula20.view.MainActivity"
54-->src\main\AndroidManifest.xml:39:13-46
55            android:exported="true" >
55-->src\main\AndroidManifest.xml:40:13-36
56            <intent-filter>
56-->src\main\AndroidManifest.xml:41:13-45:29
57                <action android:name="android.intent.action.MAIN" />
57-->src\main\AndroidManifest.xml:42:17-69
57-->src\main\AndroidManifest.xml:42:25-66
58
59                <category android:name="android.intent.category.LAUNCHER" />
59-->src\main\AndroidManifest.xml:44:17-77
59-->src\main\AndroidManifest.xml:44:27-74
60            </intent-filter>
61        </activity>
62
63        <service
63-->[androidx.room:room-runtime:2.5.2] AndroidManifest.xml:24:9-28:63
64            android:name="androidx.room.MultiInstanceInvalidationService"
64-->[androidx.room:room-runtime:2.5.2] AndroidManifest.xml:25:13-74
65            android:directBootAware="true"
65-->[androidx.room:room-runtime:2.5.2] AndroidManifest.xml:26:13-43
66            android:exported="false" />
66-->[androidx.room:room-runtime:2.5.2] AndroidManifest.xml:27:13-37
67
68        <provider
68-->[androidx.emoji2:emoji2:1.2.0] AndroidManifest.xml:24:9-32:20
69            android:name="androidx.startup.InitializationProvider"
69-->[androidx.emoji2:emoji2:1.2.0] AndroidManifest.xml:25:13-67
70            android:authorities="com.example.aula20.androidx-startup"
70-->[androidx.emoji2:emoji2:1.2.0] AndroidManifest.xml:26:13-68
71            android:exported="false" >
71-->[androidx.emoji2:emoji2:1.2.0] AndroidManifest.xml:27:13-37
72            <meta-data
72-->[androidx.emoji2:emoji2:1.2.0] AndroidManifest.xml:29:13-31:52
73                android:name="androidx.emoji2.text.EmojiCompatInitializer"
73-->[androidx.emoji2:emoji2:1.2.0] AndroidManifest.xml:30:17-75
74                android:value="androidx.startup" />
74-->[androidx.emoji2:emoji2:1.2.0] AndroidManifest.xml:31:17-49
75            <meta-data
75-->[androidx.lifecycle:lifecycle-process:2.4.1] AndroidManifest.xml:31:13-33:52
76                android:name="androidx.lifecycle.ProcessLifecycleInitializer"
76-->[androidx.lifecycle:lifecycle-process:2.4.1] AndroidManifest.xml:32:17-78
77                android:value="androidx.startup" />
77-->[androidx.lifecycle:lifecycle-process:2.4.1] AndroidManifest.xml:33:17-49
78        </provider>
79    </application>
80
81</manifest>